<?xml version="1.0" encoding="UTF-8"?>
<!-- Generated by org.testng.reporters.JUnitXMLReporter -->
<testsuite hostname="DESKTOP-NMH8UGV" ignored="1" name="Default test(failed)(failed)" tests="1" failures="0" timestamp="2020-05-09T09:13:26 CDT" time="10.587" errors="0">
  <testcase name="login" time="2.287" classname="com.test.Session4.KeyBoardEvents"/>
  <testcase name="testKBEvents" time="0.0" classname="com.test.Session4.KeyBoardEvents">
    <ignored/>
  </testcase> <!-- testKBEvents -->
</testsuite> <!-- Default test(failed)(failed) -->
